marananManagement/build/outputs/logs/manifest-merger-debug-report.txt
-- Merging decision tree log ---
manifest
ADDED from src/main/AndroidManifest.xml:2:1-228:12
	package
		ADDED from src/main/AndroidManifest.xml:3:5-36
		INJECTED from src/main/AndroidManifest.xml
		INJECTED from src/main/AndroidManifest.xml
	android:versionName
		ADDED from src/main/AndroidManifest.xml:5:5-30
		INJECTED from src/main/AndroidManifest.xml
		INJECTED from src/main/AndroidManifest.xml
	android:versionCode
		ADDED from src/main/AndroidManifest.xml:4:5-28
		INJECTED from src/main/AndroidManifest.xml
		INJECTED from src/main/AndroidManifest.xml
	xmlns:android
		ADDED from src/main/AndroidManifest.xml:2:11-69
uses-sdk
ADDED from src/main/AndroidManifest.xml:7:5-9:41
MERGED from [MarananManagement:pulltorefreshlibrary:unspecified] AndroidManifest.xml:7:5-9:41
MERGED from [MarananManagement:aFileChooser:unspecified] AndroidManifest.xml:20:5-22:41
MERGED from [com.android.support:appcompat-v7:23.0.1] AndroidManifest.xml:20:5-43
MERGED from [com.nispok:snackbar:2.11.0] AndroidManifest.xml:6:5-8:41
MERGED from [com.android.support:recyclerview-v7:22.0.0] AndroidManifest.xml:20:5-43
MERGED from [com.android.support:support-v4:23.1.1] AndroidManifest.xml:20:5-43
	android:targetSdkVersion
		ADDED from src/main/AndroidManifest.xml:9:9-38
		INJECTED from src/main/AndroidManifest.xml
		INJECTED from src/main/AndroidManifest.xml
	android:minSdkVersion
		ADDED from src/main/AndroidManifest.xml:8:9-34
		INJECTED from src/main/AndroidManifest.xml
		INJECTED from src/main/AndroidManifest.xml
supports-screens
ADDED from src/main/AndroidManifest.xml:11:5-16:40
	android:largeScreens
		ADDED from src/main/AndroidManifest.xml:13:9-36
	android:smallScreens
		ADDED from src/main/AndroidManifest.xml:15:9-36
	android:normalScreens
		ADDED from src/main/AndroidManifest.xml:14:9-37
	android:xlargeScreens
		ADDED from src/main/AndroidManifest.xml:16:9-37
	android:anyDensity
		ADDED from src/main/AndroidManifest.xml:12:9-34
permission#com.marananmanagement.gcm.permission.C2D_MESSAGE
ADDED from src/main/AndroidManifest.xml:18:5-20:47
	android:protectionLevel
		ADDED from src/main/AndroidManifest.xml:20:9-44
	android:name
		ADDED from src/main/AndroidManifest.xml:19:9-72
uses-permission#com.google.android.c2dm.permission.RECEIVE
ADDED from src/main/AndroidManifest.xml:22:5-82
	android:name
		ADDED from src/main/AndroidManifest.xml:22:22-79
uses-permission#android.permission.ACCESS_WIFI_STATE
ADDED from src/main/AndroidManifest.xml:23:5-76
	android:name
		ADDED from src/main/AndroidManifest.xml:23:22-73
uses-permission#android.permission.INTERNET
ADDED from src/main/AndroidManifest.xml:24:5-67
	android:name
		ADDED from src/main/AndroidManifest.xml:24:22-64
uses-permission#android.permission.READ_EXTERNAL_STORAGE
ADDED from src/main/AndroidManifest.xml:25:5-80
	android:name
		ADDED from src/main/AndroidManifest.xml:25:22-77
uses-permission#android.permission.ACCESS_NETWORK_STATE
ADDED from src/main/AndroidManifest.xml:26:5-79
	android:name
		ADDED from src/main/AndroidManifest.xml:26:22-76
uses-permission#android.permission.GET_ACCOUNTS
ADDED from src/main/AndroidManifest.xml:27:5-71
	android:name
		ADDED from src/main/AndroidManifest.xml:27:22-68
uses-permission#android.permission.WAKE_LOCK
ADDED from src/main/AndroidManifest.xml:28:5-68
	android:name
		ADDED from src/main/AndroidManifest.xml:28:22-65
uses-permission#android.permission.RECORD_AUDIO
ADDED from src/main/AndroidManifest.xml:29:5-71
	android:name
		ADDED from src/main/AndroidManifest.xml:29:22-68
uses-permission#android.permission.WRITE_EXTERNAL_STORAGE
ADDED from src/main/AndroidManifest.xml:30:5-81
	android:name
		ADDED from src/main/AndroidManifest.xml:30:22-78
uses-permission#android.permission.READ_PHONE_STATE
ADDED from src/main/AndroidManifest.xml:31:5-75
	android:name
		ADDED from src/main/AndroidManifest.xml:31:22-72
uses-permission#android.permission.VIBRATE
ADDED from src/main/AndroidManifest.xml:32:5-66
	android:name
		ADDED from src/main/AndroidManifest.xml:32:22-63
uses-permission#android.permission.CAMERA
ADDED from src/main/AndroidManifest.xml:33:5-65
	android:name
		ADDED from src/main/AndroidManifest.xml:33:22-62
uses-permission#android.permission.SEND_SMS
ADDED from src/main/AndroidManifest.xml:34:5-67
	android:name
		ADDED from src/main/AndroidManifest.xml:34:22-64
uses-permission#android.permission.RECEIVE_SMS
ADDED from src/main/AndroidManifest.xml:35:5-70
	android:name
		ADDED from src/main/AndroidManifest.xml:35:22-67
uses-feature#android.hardware.camera
ADDED from src/main/AndroidManifest.xml:37:5-60
	android:name
		ADDED from src/main/AndroidManifest.xml:37:19-57
uses-feature#android.hardware.camera.autofocus
ADDED from src/main/AndroidManifest.xml:38:5-70
	android:name
		ADDED from src/main/AndroidManifest.xml:38:19-67
application
ADDED from src/main/AndroidManifest.xml:40:5-226:19
MERGED from [MarananManagement:pulltorefreshlibrary:unspecified] AndroidManifest.xml:11:5-20
MERGED from [com.android.support:appcompat-v7:23.0.1] AndroidManifest.xml:22:5-20
MERGED from [com.nispok:snackbar:2.11.0] AndroidManifest.xml:10:5-20
MERGED from [com.android.support:recyclerview-v7:22.0.0] AndroidManifest.xml:22:5-26:19
MERGED from [com.android.support:support-v4:23.1.1] AndroidManifest.xml:22:5-20
	android:label
		ADDED from src/main/AndroidManifest.xml:44:9-41
	android:allowBackup
		ADDED from src/main/AndroidManifest.xml:42:9-35
	android:icon
		ADDED from src/main/AndroidManifest.xml:43:9-38
	android:largeHeap
		ADDED from src/main/AndroidManifest.xml:45:9-33
	android:theme
		ADDED from src/main/AndroidManifest.xml:46:9-40
	android:name
		ADDED from src/main/AndroidManifest.xml:41:9-66
activity#com.marananmanagement.MainActivity
ADDED from src/main/AndroidManifest.xml:47:9-57:20
	android:screenOrientation
		ADDED from src/main/AndroidManifest.xml:50:13-49
	android:label
		ADDED from src/main/AndroidManifest.xml:49:13-45
	android:windowSoftInputMode
		ADDED from src/main/AndroidManifest.xml:51:13-64
	android:name
		ADDED from src/main/AndroidManifest.xml:48:13-62
intent-filter#android.intent.action.MAIN+android.intent.category.LAUNCHER
ADDED from src/main/AndroidManifest.xml:52:13-56:29
action#android.intent.action.MAIN
ADDED from src/main/AndroidManifest.xml:53:17-69
	android:name
		ADDED from src/main/AndroidManifest.xml:53:25-66
category#android.intent.category.LAUNCHER
ADDED from src/main/AndroidManifest.xml:55:17-77
	android:name
		ADDED from src/main/AndroidManifest.xml:55:27-74
activity#com.marananmanagement.ManagementActivity
ADDED from src/main/AndroidManifest.xml:58:9-62:76
	android:screenOrientation
		ADDED from src/main/AndroidManifest.xml:61:13-49
	android:label
		ADDED from src/main/AndroidManifest.xml:60:13-45
	android:windowSoftInputMode
		ADDED from src/main/AndroidManifest.xml:62:13-64
	android:name
		ADDED from src/main/AndroidManifest.xml:59:13-68
activity#com.marananmanagement.AlertEditPage
ADDED from src/main/AndroidManifest.xml:63:9-67:76
	android:screenOrientation
		ADDED from src/main/AndroidManifest.xml:66:13-49
	android:label
		ADDED from src/main/AndroidManifest.xml:65:13-45
	android:windowSoftInputMode
		ADDED from src/main/AndroidManifest.xml:67:13-64
	android:name
		ADDED from src/main/AndroidManifest.xml:64:13-63
activity#com.marananmanagement.AlertList
ADDED from src/main/AndroidManifest.xml:68:9-72:76
	android:screenOrientation
		ADDED from src/main/AndroidManifest.xml:71:13-49
	android:label
		ADDED from src/main/AndroidManifest.xml:70:13-45
	android:windowSoftInputMode
		ADDED from src/main/AndroidManifest.xml:72:13-64
	android:name
		ADDED from src/main/AndroidManifest.xml:69:13-59
activity#com.marananmanagement.RadioPrograms
ADDED from src/main/AndroidManifest.xml:73:9-77:76
	android:screenOrientation
		ADDED from src/main/AndroidManifest.xml:76:13-49
	android:label
		ADDED from src/main/AndroidManifest.xml:75:13-45
	android:windowSoftInputMode
		ADDED from src/main/AndroidManifest.xml:77:13-64
	android:name
		ADDED from src/main/AndroidManifest.xml:74:13-63
activity#com.marananmanagement.RadioProgramUpload
ADDED from src/main/AndroidManifest.xml:78:9-82:76
	android:screenOrientation
		ADDED from src/main/AndroidManifest.xml:81:13-49
	android:label
		ADDED from src/main/AndroidManifest.xml:80:13-45
	android:windowSoftInputMode
		ADDED from src/main/AndroidManifest.xml:82:13-64
	android:name
		ADDED from src/main/AndroidManifest.xml:79:13-68
activity#com.marananmanagement.SmsActivity
ADDED from src/main/AndroidManifest.xml:83:9-87:76
	android:screenOrientation
		ADDED from src/main/AndroidManifest.xml:86:13-49
	android:label
		ADDED from src/main/AndroidManifest.xml:85:13-45
	android:windowSoftInputMode
		ADDED from src/main/AndroidManifest.xml:87:13-64
	android:name
		ADDED from src/main/AndroidManifest.xml:84:13-61
activity#com.marananmanagement.SmsSuscribersActivity
ADDED from src/main/AndroidManifest.xml:88:9-92:76
	android:screenOrientation
		ADDED from src/main/AndroidManifest.xml:91:13-49
	android:label
		ADDED from src/main/AndroidManifest.xml:90:13-45
	android:windowSoftInputMode
		ADDED from src/main/AndroidManifest.xml:92:13-64
	android:name
		ADDED from src/main/AndroidManifest.xml:89:13-71
activity#com.marananmanagement.AddSubscribersActivity
ADDED from src/main/AndroidManifest.xml:93:9-97:76
	android:screenOrientation
		ADDED from src/main/AndroidManifest.xml:96:13-49
	android:label
		ADDED from src/main/AndroidManifest.xml:95:13-45
	android:windowSoftInputMode
		ADDED from src/main/AndroidManifest.xml:97:13-64
	android:name
		ADDED from src/main/AndroidManifest.xml:94:13-72
activity#com.marananmanagement.SmsEditPage
ADDED from src/main/AndroidManifest.xml:98:9-102:76
	android:screenOrientation
		ADDED from src/main/AndroidManifest.xml:101:13-49
	android:label
		ADDED from src/main/AndroidManifest.xml:100:13-45
	android:windowSoftInputMode
		ADDED from src/main/AndroidManifest.xml:102:13-64
	android:name
		ADDED from src/main/AndroidManifest.xml:99:13-61
activity#com.marananmanagement.RadioAlerts
ADDED from src/main/AndroidManifest.xml:103:9-107:76
	android:screenOrientation
		ADDED from src/main/AndroidManifest.xml:106:13-49
	android:label
		ADDED from src/main/AndroidManifest.xml:105:13-45
	android:windowSoftInputMode
		ADDED from src/main/AndroidManifest.xml:107:13-64
	android:name
		ADDED from src/main/AndroidManifest.xml:104:13-61
activity#com.marananmanagement.AddRadioAlarmActivity
ADDED from src/main/AndroidManifest.xml:108:9-112:76
	android:screenOrientation
		ADDED from src/main/AndroidManifest.xml:111:13-49
	android:label
		ADDED from src/main/AndroidManifest.xml:110:13-45
	android:windowSoftInputMode
		ADDED from src/main/AndroidManifest.xml:112:13-64
	android:name
		ADDED from src/main/AndroidManifest.xml:109:13-71
activity#com.marananmanagement.NewsLetterList
ADDED from src/main/AndroidManifest.xml:113:9-117:76
	android:screenOrientation
		ADDED from src/main/AndroidManifest.xml:116:13-49
	android:label
		ADDED from src/main/AndroidManifest.xml:115:13-45
	android:windowSoftInputMode
		ADDED from src/main/AndroidManifest.xml:117:13-64
	android:name
		ADDED from src/main/AndroidManifest.xml:114:13-64
activity#com.marananmanagement.NewsLetterUpload
ADDED from src/main/AndroidManifest.xml:118:9-122:76
	android:screenOrientation
		ADDED from src/main/AndroidManifest.xml:121:13-49
	android:label
		ADDED from src/main/AndroidManifest.xml:120:13-45
	android:windowSoftInputMode
		ADDED from src/main/AndroidManifest.xml:122:13-64
	android:name
		ADDED from src/main/AndroidManifest.xml:119:13-66
activity#com.marananmanagement.ChannelManagement
ADDED from src/main/AndroidManifest.xml:123:9-127:76
	android:screenOrientation
		ADDED from src/main/AndroidManifest.xml:126:13-49
	android:label
		ADDED from src/main/AndroidManifest.xml:125:13-45
	android:windowSoftInputMode
		ADDED from src/main/AndroidManifest.xml:127:13-64
	android:name
		ADDED from src/main/AndroidManifest.xml:124:13-67
activity#com.marananmanagement.ChannelPlaylist
ADDED from src/main/AndroidManifest.xml:128:9-132:76
	android:screenOrientation
		ADDED from src/main/AndroidManifest.xml:131:13-49
	android:label
		ADDED from src/main/AndroidManifest.xml:130:13-45
	android:windowSoftInputMode
		ADDED from src/main/AndroidManifest.xml:132:13-64
	android:name
		ADDED from src/main/AndroidManifest.xml:129:13-65
activity#com.marananmanagement.ChannelUpload
ADDED from src/main/AndroidManifest.xml:133:9-137:76
	android:screenOrientation
		ADDED from src/main/AndroidManifest.xml:136:13-49
	android:label
		ADDED from src/main/AndroidManifest.xml:135:13-45
	android:windowSoftInputMode
		ADDED from src/main/AndroidManifest.xml:137:13-64
	android:name
		ADDED from src/main/AndroidManifest.xml:134:13-63
activity#com.marananmanagement.VideoPlayer
ADDED from src/main/AndroidManifest.xml:138:9-143:62
	android:screenOrientation
		ADDED from src/main/AndroidManifest.xml:143:13-50
	android:label
		ADDED from src/main/AndroidManifest.xml:141:13-45
	android:configChanges
		ADDED from src/main/AndroidManifest.xml:140:13-74
	android:largeHeap
		ADDED from src/main/AndroidManifest.xml:142:13-37
	android:name
		ADDED from src/main/AndroidManifest.xml:139:13-61
activity#com.marananmanagement.LiveBroadcastChannel
ADDED from src/main/AndroidManifest.xml:144:9-148:76
	android:screenOrientation
		ADDED from src/main/AndroidManifest.xml:147:13-49
	android:label
		ADDED from src/main/AndroidManifest.xml:146:13-45
	android:windowSoftInputMode
		ADDED from src/main/AndroidManifest.xml:148:13-64
	android:name
		ADDED from src/main/AndroidManifest.xml:145:13-70
activity#com.marananmanagement.LiveBroadcastList
ADDED from src/main/AndroidManifest.xml:149:9-153:76
	android:screenOrientation
		ADDED from src/main/AndroidManifest.xml:152:13-49
	android:label
		ADDED from src/main/AndroidManifest.xml:151:13-45
	android:windowSoftInputMode
		ADDED from src/main/AndroidManifest.xml:153:13-64
	android:name
		ADDED from src/main/AndroidManifest.xml:150:13-67
activity#com.marananmanagement.LiveBroadcastImages
ADDED from src/main/AndroidManifest.xml:154:9-158:76
	android:screenOrientation
		ADDED from src/main/AndroidManifest.xml:157:13-49
	android:label
		ADDED from src/main/AndroidManifest.xml:156:13-45
	android:windowSoftInputMode
		ADDED from src/main/AndroidManifest.xml:158:13-64
	android:name
		ADDED from src/main/AndroidManifest.xml:155:13-69
activity#com.marananmanagement.UpdateDateTime
ADDED from src/main/AndroidManifest.xml:159:9-163:76
	android:screenOrientation
		ADDED from src/main/AndroidManifest.xml:162:13-49
	android:label
		ADDED from src/main/AndroidManifest.xml:161:13-45
	android:windowSoftInputMode
		ADDED from src/main/AndroidManifest.xml:163:13-64
	android:name
		ADDED from src/main/AndroidManifest.xml:160:13-64
activity#com.marananmanagement.FinancialManagement
ADDED from src/main/AndroidManifest.xml:164:9-168:76
	android:screenOrientation
		ADDED from src/main/AndroidManifest.xml:167:13-49
	android:label
		ADDED from src/main/AndroidManifest.xml:166:13-45
	android:windowSoftInputMode
		ADDED from src/main/AndroidManifest.xml:168:13-64
	android:name
		ADDED from src/main/AndroidManifest.xml:165:13-69
activity#com.marananmanagement.InputOutputClock
ADDED from src/main/AndroidManifest.xml:169:9-173:76
	android:screenOrientation
		ADDED from src/main/AndroidManifest.xml:172:13-49
	android:label
		ADDED from src/main/AndroidManifest.xml:171:13-45
	android:windowSoftInputMode
		ADDED from src/main/AndroidManifest.xml:173:13-64
	android:name
		ADDED from src/main/AndroidManifest.xml:170:13-66
activity#com.marananmanagement.VideoAdvertisement
ADDED from src/main/AndroidManifest.xml:174:9-178:76
	android:screenOrientation
		ADDED from src/main/AndroidManifest.xml:177:13-49
	android:label
		ADDED from src/main/AndroidManifest.xml:176:13-45
	android:windowSoftInputMode
		ADDED from src/main/AndroidManifest.xml:178:13-64
	android:name
		ADDED from src/main/AndroidManifest.xml:175:13-68
activity#com.marananmanagement.TelActivity
ADDED from src/main/AndroidManifest.xml:179:9-183:76
	android:screenOrientation
		ADDED from src/main/AndroidManifest.xml:182:13-49
	android:label
		ADDED from src/main/AndroidManifest.xml:181:13-45
	android:windowSoftInputMode
		ADDED from src/main/AndroidManifest.xml:183:13-64
	android:name
		ADDED from src/main/AndroidManifest.xml:180:13-61
activity#com.marananmanagement.BugReportActivity
ADDED from src/main/AndroidManifest.xml:184:9-188:67
	android:screenOrientation
		ADDED from src/main/AndroidManifest.xml:187:13-49
	android:label
		ADDED from src/main/AndroidManifest.xml:186:13-45
	android:windowSoftInputMode
		ADDED from src/main/AndroidManifest.xml:188:13-64
	android:name
		ADDED from src/main/AndroidManifest.xml:185:13-67
receiver#com.marananmanagement.broadcastreceivers.CallReceiver
ADDED from src/main/AndroidManifest.xml:190:9-194:20
	android:name
		ADDED from src/main/AndroidManifest.xml:190:19-87
intent-filter#android.intent.action.PHONE_STATE
ADDED from src/main/AndroidManifest.xml:191:13-193:29
action#android.intent.action.PHONE_STATE
ADDED from src/main/AndroidManifest.xml:192:17-76
	android:name
		ADDED from src/main/AndroidManifest.xml:192:25-73
activity#com.ipaulpro.afilechooser.FileChooserActivity
ADDED from src/main/AndroidManifest.xml:196:9-211:20
	android:enabled
		ADDED from src/main/AndroidManifest.xml:198:13-49
	android:label
		ADDED from src/main/AndroidManifest.xml:201:13-48
	android:exported
		ADDED from src/main/AndroidManifest.xml:199:13-36
	android:icon
		ADDED from src/main/AndroidManifest.xml:200:13-48
	android:theme
		ADDED from src/main/AndroidManifest.xml:202:13-44
	android:name
		ADDED from src/main/AndroidManifest.xml:197:13-73
intent-filter#android.intent.action.GET_CONTENT+android.intent.category.DEFAULT+android.intent.category.OPENABLE
ADDED from src/main/AndroidManifest.xml:203:13-210:29
action#android.intent.action.GET_CONTENT
ADDED from src/main/AndroidManifest.xml:204:17-76
	android:name
		ADDED from src/main/AndroidManifest.xml:204:25-73
category#android.intent.category.DEFAULT
ADDED from src/main/AndroidManifest.xml:206:17-76
	android:name
		ADDED from src/main/AndroidManifest.xml:206:27-73
category#android.intent.category.OPENABLE
ADDED from src/main/AndroidManifest.xml:207:17-77
	android:name
		ADDED from src/main/AndroidManifest.xml:207:27-74
data
ADDED from src/main/AndroidManifest.xml:209:17-48
	android:mimeType
		ADDED from src/main/AndroidManifest.xml:209:23-45
activity#android.support.v7.widget.TestActivity
ADDED from [com.android.support:recyclerview-v7:22.0.0] AndroidManifest.xml:23:9-25:56
	android:label
		ADDED from [com.android.support:recyclerview-v7:22.0.0] AndroidManifest.xml:25:13-53
	android:name
		ADDED from [com.android.support:recyclerview-v7:22.0.0] AndroidManifest.xml:24:13-66